
RNA-001A
real	2m5.484s
user	1m58.199s
sys	0m6.887s

RNA-002A
real	1m43.312s
user	1m37.065s
sys	0m5.668s

RNA-003A
real	2m42.675s
user	2m32.381s
sys	0m9.267s

RNA-004A
real	2m35.393s
user	2m25.743s
sys	0m8.659s

RNA-005A
real	3m4.130s
user	2m53.326s
sys	0m10.206s

RNA-006A
real	2m11.817s
user	2m3.575s
sys	0m7.558s

RNA-007A
real	1m7.774s
user	1m4.144s
sys	0m3.297s

RNA-008A
real	2m23.071s
user	2m14.591s
sys	0m7.894s

RNA-009A
real	2m17.179s
user	2m9.072s
sys	0m7.776s

RNA-010A
real	2m44.409s
user	2m33.977s
sys	0m9.755s

RNA-011A
real	1m13.022s
user	1m8.981s
sys	0m3.848s

RNA-012A
real	2m6.153s
user	1m58.855s
sys	0m6.915s

RNA-013A
real	2m49.399s
user	2m39.407s
sys	0m9.311s

RNA-014A
real	2m23.273s
user	2m14.153s
sys	0m8.453s

RNA-015A
real	2m42.077s
user	2m31.808s
sys	0m9.566s

RNA-016A-JJY
real	2m47.532s
user	2m37.506s
sys	0m9.321s

RNA-017A
real	1m55.378s
user	1m48.653s
sys	0m6.316s

RNA-018A
real	1m42.210s
user	1m35.952s
sys	0m5.838s

RNA-019A
real	1m49.798s
user	1m43.358s
sys	0m5.716s

RNA-020A
real	0m43.476s
user	0m41.418s
sys	0m1.952s

RNA-021A
real	2m7.063s
user	1m59.327s
sys	0m7.292s

RNA-022A
real	1m57.511s
user	1m50.434s
sys	0m6.815s

RNA-023A
real	0m49.195s
user	0m46.688s
sys	0m2.184s

RNA-024A
real	1m10.152s
user	1m6.200s
sys	0m3.583s

RNA-025A
real	1m46.617s
user	1m40.233s
sys	0m5.900s

RNA-026A-JTY
real	1m26.354s
user	1m21.267s
sys	0m4.740s

RNA-027A-LCY
real	1m31.063s
user	1m25.588s
sys	0m5.272s

RNA-028A-DYH
real	1m31.506s
user	1m26.021s
sys	0m5.115s

RNA-029A
real	2m16.842s
user	2m8.458s
sys	0m8.011s

RNA-030A-CBJ
real	0m56.591s
user	0m53.664s
sys	0m2.669s

RNA-031A-STH
real	1m36.002s
user	1m30.149s
sys	0m5.396s

RNA-032A-HSC
real	1m45.731s
user	1m39.056s
sys	0m6.112s

RNA-033A-CYL
real	2m10.718s
user	2m2.674s
sys	0m7.382s

RNA-034A-HJS
real	1m35.347s
user	1m29.954s
sys	0m5.082s

RNA-035A-YYTJF
real	1m56.463s
user	1m49.239s
sys	0m6.319s

RNA-036A-HYA
real	1m33.858s
user	1m28.206s
sys	0m5.262s

RNA-037A-YYD
real	1m48.274s
user	1m41.451s
sys	0m5.963s
