
RNA-001A
real	11m40.454s
user	11m37.086s
sys	0m1.217s

RNA-002A
real	7m35.501s
user	7m31.858s
sys	0m2.308s

RNA-003A
real	21m19.482s
user	21m12.570s
sys	0m3.032s

RNA-004A
real	19m31.614s
user	19m26.781s
sys	0m2.215s

RNA-005A
real	28m18.298s
user	28m8.781s
sys	0m3.445s

RNA-006A
real	12m37.689s
user	12m32.662s
sys	0m2.441s

RNA-007A
real	3m38.608s
user	3m36.593s
sys	0m1.241s

RNA-008A
real	15m58.661s
user	15m50.469s
sys	0m4.385s

RNA-009A
real	14m41.604s
user	14m34.372s
sys	0m4.113s

RNA-010A
real	21m43.600s
user	21m35.038s
sys	0m3.177s

RNA-011A
real	4m18.629s
user	4m16.805s
sys	0m0.987s

RNA-012A
real	11m36.102s
user	11m31.348s
sys	0m2.117s

RNA-013A
real	23m34.093s
user	23m24.701s
sys	0m3.561s

RNA-014A
real	16m10.882s
user	16m4.097s
sys	0m3.270s

RNA-015A
real	21m2.518s
user	20m52.550s
sys	0m4.562s

RNA-016A-JJY
real	22m17.529s
user	22m11.932s
sys	0m2.806s

RNA-017A
real	9m42.371s
user	9m38.869s
sys	0m1.672s

RNA-018A
real	7m2.210s
user	6m58.726s
sys	0m1.966s

RNA-019A
real	8m46.846s
user	8m42.145s
sys	0m2.865s

RNA-020A
real	2m7.009s
user	2m5.769s
sys	0m0.886s

RNA-021A
real	12m20.916s
user	12m17.039s
sys	0m2.279s

RNA-022A
real	10m13.931s
user	10m9.961s
sys	0m1.826s

RNA-023A
real	2m24.317s
user	2m22.895s
sys	0m0.943s

RNA-024A
real	3m48.834s
user	3m46.476s
sys	0m1.482s

RNA-025A
real	7m42.392s
user	7m38.557s
sys	0m2.163s

RNA-026A-JTY
real	5m22.103s
user	5m18.841s
sys	0m1.873s

RNA-027A-LCY
real	5m53.756s
user	5m50.824s
sys	0m1.551s

RNA-028A-DYH
real    5m54.004s
user    5m48.455s
sys     0m1.176s

RNA-029A
real	14m32.395s
user	14m26.558s
sys	0m2.674s

RNA-030A-CBJ
real	2m48.956s
user	2m47.356s
sys	0m0.947s

RNA-031A-STH
real	6m42.247s
user	6m38.245s
sys	0m2.276s

RNA-032A-HSC
real	7m53.812s
user	7m50.327s
sys	0m2.151s

RNA-033A-CYL
real	12m36.712s
user	12m31.498s
sys	0m2.000s

RNA-034A-HJS
real	6m42.577s
user	6m40.237s
sys	0m1.019s

RNA-035A-YYTJF
real	9m46.877s
user	9m42.454s
sys	0m2.136s

RNA-036A-HYA
real	6m20.378s
user	6m17.353s
sys	0m1.713s

RNA-037A-YYD
real	8m22.487s
user	8m19.161s
sys	0m1.451s
